<?xml version="1.0" encoding="UTF-8"?>
<testng-results total="1" passed="1" failed="0" skipped="0">
  <reporter-output>
  </reporter-output>
  <suite started-at="2020-09-22T22:10:54Z" name="Default suite" finished-at="2020-09-22T22:11:16Z" duration-ms="21592">
    <groups>
    </groups>
    <test started-at="2020-09-22T22:10:54Z" name="Default test" finished-at="2020-09-22T22:11:16Z" duration-ms="21592">
      <class name="Example.NewTest">
        <test-method is-config="true" signature="Set()[pri:0, instance:Example.NewTest@6392827e]" started-at="2020-09-22T18:10:54Z" name="Set" finished-at="2020-09-22T18:10:54Z" duration-ms="11" status="PASS">
          <reporter-output>
          </reporter-output>
        </test-method> <!-- Set -->
        <test-method signature="TabChanges()[pri:0, instance:Example.NewTest@6392827e]" started-at="2020-09-22T18:10:54Z" name="TabChanges" finished-at="2020-09-22T18:11:16Z" duration-ms="21567" status="PASS">
          <reporter-output>
          </reporter-output>
        </test-method> <!-- TabChanges -->
      </class> <!-- Example.NewTest -->
    </test> <!-- Default test -->
  </suite> <!-- Default suite -->
</testng-results>
